{"/Users/janetsong/projects/course_graph/course-graph-main/course_graph/scripts/ts-in/clause.ts": {"path":"/Users/janetsong/projects/course_graph/course-graph-main/course_graph/scripts/ts-in/clause.ts","all":false,"statementMap":{"3":{"start":{"line":4,"column":0},"end":{"line":4,"column":31}},"5":{"start":{"line":6,"column":0},"end":{"line":6,"column":20}},"6":{"start":{"line":7,"column":0},"end":{"line":7,"column":16}},"7":{"start":{"line":8,"column":0},"end":{"line":8,"column":12}},"10":{"start":{"line":11,"column":0},"end":{"line":11,"column":33}},"14":{"start":{"line":15,"column":0},"end":{"line":15,"column":41}},"16":{"start":{"line":17,"column":0},"end":{"line":17,"column":18}},"17":{"start":{"line":18,"column":0},"end":{"line":18,"column":21}},"18":{"start":{"line":19,"column":0},"end":{"line":19,"column":21}},"19":{"start":{"line":20,"column":0},"end":{"line":20,"column":5}},"21":{"start":{"line":22,"column":0},"end":{"line":22,"column":19}},"22":{"start":{"line":23,"column":0},"end":{"line":23,"column":23}},"23":{"start":{"line":24,"column":0},"end":{"line":24,"column":5}},"24":{"start":{"line":25,"column":0},"end":{"line":25,"column":1}}},"s":{"3":1,"5":1,"6":1,"7":1,"10":1,"14":1,"16":42,"17":42,"18":42,"19":42,"21":1,"22":4,"23":4,"24":1},"branchMap":{"0":{"type":"branch","line":6,"loc":{"start":{"line":6,"column":7},"end":{"line":6,"column":20}},"locations":[{"start":{"line":6,"column":7},"end":{"line":6,"column":20}}]},"1":{"type":"branch","line":15,"loc":{"start":{"line":15,"column":4},"end":{"line":20,"column":5}},"locations":[{"start":{"line":15,"column":4},"end":{"line":20,"column":5}}]},"2":{"type":"branch","line":22,"loc":{"start":{"line":22,"column":4},"end":{"line":24,"column":5}},"locations":[{"start":{"line":22,"column":4},"end":{"line":24,"column":5}}]}},"b":{"0":[2],"1":[42],"2":[4]},"fnMap":{"0":{"name":"Clause","decl":{"start":{"line":15,"column":4},"end":{"line":20,"column":5}},"loc":{"start":{"line":15,"column":4},"end":{"line":20,"column":5}},"line":15},"1":{"name":"get operator","decl":{"start":{"line":22,"column":4},"end":{"line":24,"column":5}},"loc":{"start":{"line":22,"column":4},"end":{"line":24,"column":5}},"line":22}},"f":{"0":42,"1":4}}
,"/Users/janetsong/projects/course_graph/course-graph-main/course_graph/scripts/ts-in/course.ts": {"path":"/Users/janetsong/projects/course_graph/course-graph-main/course_graph/scripts/ts-in/course.ts","all":false,"statementMap":{"4":{"start":{"line":5,"column":0},"end":{"line":5,"column":31}},"6":{"start":{"line":7,"column":0},"end":{"line":7,"column":33}},"11":{"start":{"line":12,"column":0},"end":{"line":12,"column":52}},"12":{"start":{"line":13,"column":0},"end":{"line":13,"column":25}},"13":{"start":{"line":14,"column":0},"end":{"line":14,"column":36}},"14":{"start":{"line":15,"column":0},"end":{"line":15,"column":24}},"15":{"start":{"line":16,"column":0},"end":{"line":16,"column":31}},"16":{"start":{"line":17,"column":0},"end":{"line":17,"column":5}},"19":{"start":{"line":20,"column":0},"end":{"line":20,"column":40}},"20":{"start":{"line":21,"column":0},"end":{"line":21,"column":25}},"21":{"start":{"line":22,"column":0},"end":{"line":22,"column":6}},"24":{"start":{"line":25,"column":0},"end":{"line":25,"column":28}},"25":{"start":{"line":26,"column":0},"end":{"line":26,"column":31}},"26":{"start":{"line":27,"column":0},"end":{"line":27,"column":5}},"28":{"start":{"line":29,"column":0},"end":{"line":29,"column":33}},"29":{"start":{"line":30,"column":0},"end":{"line":30,"column":29}},"30":{"start":{"line":31,"column":0},"end":{"line":31,"column":5}},"32":{"start":{"line":33,"column":0},"end":{"line":33,"column":30}},"33":{"start":{"line":34,"column":0},"end":{"line":34,"column":31}},"34":{"start":{"line":35,"column":0},"end":{"line":35,"column":5}},"35":{"start":{"line":36,"column":0},"end":{"line":36,"column":1}}},"s":{"4":1,"6":1,"11":1,"12":188,"13":188,"14":188,"15":188,"16":188,"19":1,"20":0,"21":0,"24":1,"25":1,"26":1,"28":1,"29":1,"30":1,"32":1,"33":0,"34":0,"35":1},"branchMap":{"0":{"type":"branch","line":12,"loc":{"start":{"line":12,"column":4},"end":{"line":17,"column":5}},"locations":[{"start":{"line":12,"column":4},"end":{"line":17,"column":5}}]},"1":{"type":"branch","line":25,"loc":{"start":{"line":25,"column":4},"end":{"line":27,"column":5}},"locations":[{"start":{"line":25,"column":4},"end":{"line":27,"column":5}}]},"2":{"type":"branch","line":29,"loc":{"start":{"line":29,"column":4},"end":{"line":31,"column":5}},"locations":[{"start":{"line":29,"column":4},"end":{"line":31,"column":5}}]}},"b":{"0":[188],"1":[1],"2":[1]},"fnMap":{"0":{"name":"Course","decl":{"start":{"line":12,"column":4},"end":{"line":17,"column":5}},"loc":{"start":{"line":12,"column":4},"end":{"line":17,"column":5}},"line":12},"1":{"name":"setDescription","decl":{"start":{"line":20,"column":4},"end":{"line":22,"column":6}},"loc":{"start":{"line":20,"column":4},"end":{"line":22,"column":6}},"line":20},"2":{"name":"get courseId","decl":{"start":{"line":25,"column":4},"end":{"line":27,"column":5}},"loc":{"start":{"line":25,"column":4},"end":{"line":27,"column":5}},"line":25},"3":{"name":"get courseCredits","decl":{"start":{"line":29,"column":4},"end":{"line":31,"column":5}},"loc":{"start":{"line":29,"column":4},"end":{"line":31,"column":5}},"line":29},"4":{"name":"get courseDesc","decl":{"start":{"line":33,"column":4},"end":{"line":35,"column":5}},"loc":{"start":{"line":33,"column":4},"end":{"line":35,"column":5}},"line":33}},"f":{"0":188,"1":0,"2":1,"3":1,"4":0}}
,"/Users/janetsong/projects/course_graph/course-graph-main/course_graph/scripts/ts-in/graph.ts": {"path":"/Users/janetsong/projects/course_graph/course-graph-main/course_graph/scripts/ts-in/graph.ts","all":false,"statementMap":{"2":{"start":{"line":3,"column":0},"end":{"line":3,"column":35}},"3":{"start":{"line":4,"column":0},"end":{"line":4,"column":35}},"4":{"start":{"line":5,"column":0},"end":{"line":5,"column":36}},"9":{"start":{"line":10,"column":0},"end":{"line":10,"column":37}},"13":{"start":{"line":14,"column":0},"end":{"line":14,"column":35}},"14":{"start":{"line":15,"column":0},"end":{"line":15,"column":33}},"16":{"start":{"line":17,"column":0},"end":{"line":17,"column":18}},"17":{"start":{"line":18,"column":0},"end":{"line":18,"column":27}},"18":{"start":{"line":19,"column":0},"end":{"line":19,"column":26}},"19":{"start":{"line":20,"column":0},"end":{"line":20,"column":27}},"20":{"start":{"line":21,"column":0},"end":{"line":21,"column":5}},"24":{"start":{"line":25,"column":0},"end":{"line":25,"column":38}},"25":{"start":{"line":26,"column":0},"end":{"line":26,"column":35}},"26":{"start":{"line":27,"column":0},"end":{"line":27,"column":82}},"28":{"start":{"line":29,"column":0},"end":{"line":29,"column":35}},"29":{"start":{"line":30,"column":0},"end":{"line":30,"column":36}},"30":{"start":{"line":31,"column":0},"end":{"line":31,"column":14}},"31":{"start":{"line":32,"column":0},"end":{"line":32,"column":36}},"32":{"start":{"line":33,"column":0},"end":{"line":33,"column":9}},"34":{"start":{"line":35,"column":0},"end":{"line":35,"column":5}},"37":{"start":{"line":38,"column":0},"end":{"line":38,"column":60}},"41":{"start":{"line":42,"column":0},"end":{"line":42,"column":63}},"42":{"start":{"line":43,"column":0},"end":{"line":43,"column":61}},"44":{"start":{"line":45,"column":0},"end":{"line":45,"column":47}},"45":{"start":{"line":46,"column":0},"end":{"line":46,"column":6}},"48":{"start":{"line":49,"column":0},"end":{"line":49,"column":59}},"49":{"start":{"line":50,"column":0},"end":{"line":50,"column":84}},"50":{"start":{"line":51,"column":0},"end":{"line":51,"column":5}},"54":{"start":{"line":55,"column":0},"end":{"line":55,"column":64}},"55":{"start":{"line":56,"column":0},"end":{"line":56,"column":72}},"56":{"start":{"line":57,"column":0},"end":{"line":57,"column":71}},"57":{"start":{"line":58,"column":0},"end":{"line":58,"column":5}},"61":{"start":{"line":62,"column":0},"end":{"line":62,"column":73}},"69":{"start":{"line":70,"column":0},"end":{"line":70,"column":24}},"70":{"start":{"line":71,"column":0},"end":{"line":71,"column":48}},"71":{"start":{"line":72,"column":0},"end":{"line":72,"column":58}},"72":{"start":{"line":73,"column":0},"end":{"line":73,"column":59}},"74":{"start":{"line":75,"column":0},"end":{"line":75,"column":22}},"75":{"start":{"line":76,"column":0},"end":{"line":76,"column":5}},"79":{"start":{"line":80,"column":0},"end":{"line":80,"column":80}},"81":{"start":{"line":82,"column":0},"end":{"line":82,"column":25}},"82":{"start":{"line":83,"column":0},"end":{"line":83,"column":50}},"83":{"start":{"line":84,"column":0},"end":{"line":84,"column":59}},"84":{"start":{"line":85,"column":0},"end":{"line":85,"column":59}},"86":{"start":{"line":87,"column":0},"end":{"line":87,"column":22}},"87":{"start":{"line":88,"column":0},"end":{"line":88,"column":5}},"95":{"start":{"line":96,"column":0},"end":{"line":96,"column":79}},"96":{"start":{"line":97,"column":0},"end":{"line":97,"column":55}},"98":{"start":{"line":99,"column":0},"end":{"line":99,"column":82}},"99":{"start":{"line":100,"column":0},"end":{"line":100,"column":29}},"101":{"start":{"line":102,"column":0},"end":{"line":102,"column":75}},"102":{"start":{"line":103,"column":0},"end":{"line":103,"column":70}},"104":{"start":{"line":105,"column":0},"end":{"line":105,"column":46}},"105":{"start":{"line":106,"column":0},"end":{"line":106,"column":5}},"108":{"start":{"line":109,"column":0},"end":{"line":109,"column":58}},"110":{"start":{"line":111,"column":0},"end":{"line":111,"column":59}},"111":{"start":{"line":112,"column":0},"end":{"line":112,"column":75}},"112":{"start":{"line":113,"column":0},"end":{"line":113,"column":9}},"113":{"start":{"line":114,"column":0},"end":{"line":114,"column":21}},"114":{"start":{"line":115,"column":0},"end":{"line":115,"column":5}},"117":{"start":{"line":118,"column":0},"end":{"line":118,"column":38}},"119":{"start":{"line":120,"column":0},"end":{"line":120,"column":62}},"120":{"start":{"line":121,"column":0},"end":{"line":121,"column":87}},"121":{"start":{"line":122,"column":0},"end":{"line":122,"column":9}},"122":{"start":{"line":123,"column":0},"end":{"line":123,"column":21}},"123":{"start":{"line":124,"column":0},"end":{"line":124,"column":5}},"126":{"start":{"line":127,"column":0},"end":{"line":127,"column":43}},"127":{"start":{"line":128,"column":0},"end":{"line":128,"column":29}},"128":{"start":{"line":129,"column":0},"end":{"line":129,"column":5}},"130":{"start":{"line":131,"column":0},"end":{"line":131,"column":43}},"131":{"start":{"line":132,"column":0},"end":{"line":132,"column":28}},"132":{"start":{"line":133,"column":0},"end":{"line":133,"column":5}},"134":{"start":{"line":135,"column":0},"end":{"line":135,"column":47}},"135":{"start":{"line":136,"column":0},"end":{"line":136,"column":29}},"136":{"start":{"line":137,"column":0},"end":{"line":137,"column":5}},"138":{"start":{"line":139,"column":0},"end":{"line":139,"column":35}},"139":{"start":{"line":140,"column":0},"end":{"line":140,"column":30}},"140":{"start":{"line":141,"column":0},"end":{"line":141,"column":5}},"142":{"start":{"line":143,"column":0},"end":{"line":143,"column":33}},"143":{"start":{"line":144,"column":0},"end":{"line":144,"column":29}},"144":{"start":{"line":145,"column":0},"end":{"line":145,"column":5}},"145":{"start":{"line":146,"column":0},"end":{"line":146,"column":1}}},"s":{"2":1,"3":1,"4":1,"9":1,"13":1,"14":1,"16":1,"17":17,"18":17,"19":17,"20":17,"24":1,"25":85,"26":85,"28":85,"29":66,"30":85,"31":19,"32":19,"34":85,"37":1,"41":11,"42":11,"44":11,"45":11,"48":1,"49":76,"50":76,"54":1,"55":46,"56":46,"57":46,"61":1,"69":9,"70":9,"71":9,"72":9,"74":9,"75":9,"79":1,"81":10,"82":10,"83":10,"84":10,"86":10,"87":10,"95":1,"96":19,"98":19,"99":19,"101":19,"102":19,"104":19,"105":19,"108":1,"110":148,"111":227,"112":227,"113":76,"114":148,"117":1,"119":172,"120":551,"121":551,"122":66,"123":172,"126":1,"127":47,"128":47,"130":1,"131":13,"132":13,"134":1,"135":1184,"136":1184,"138":1,"139":10,"140":10,"142":1,"143":10,"144":10,"145":1},"branchMap":{"0":{"type":"branch","line":17,"loc":{"start":{"line":17,"column":4},"end":{"line":21,"column":5}},"locations":[{"start":{"line":17,"column":4},"end":{"line":21,"column":5}}]},"1":{"type":"branch","line":25,"loc":{"start":{"line":25,"column":12},"end":{"line":35,"column":5}},"locations":[{"start":{"line":25,"column":12},"end":{"line":35,"column":5}}]},"2":{"type":"branch","line":29,"loc":{"start":{"line":29,"column":34},"end":{"line":31,"column":13}},"locations":[{"start":{"line":29,"column":34},"end":{"line":31,"column":13}}]},"3":{"type":"branch","line":31,"loc":{"start":{"line":31,"column":8},"end":{"line":33,"column":9}},"locations":[{"start":{"line":31,"column":8},"end":{"line":33,"column":9}}]},"4":{"type":"branch","line":38,"loc":{"start":{"line":38,"column":11},"end":{"line":46,"column":6}},"locations":[{"start":{"line":38,"column":11},"end":{"line":46,"column":6}}]},"5":{"type":"branch","line":42,"loc":{"start":{"line":42,"column":41},"end":{"line":42,"column":63}},"locations":[{"start":{"line":42,"column":41},"end":{"line":42,"column":63}}]},"6":{"type":"branch","line":43,"loc":{"start":{"line":43,"column":40},"end":{"line":43,"column":61}},"locations":[{"start":{"line":43,"column":40},"end":{"line":43,"column":61}}]},"7":{"type":"branch","line":49,"loc":{"start":{"line":49,"column":12},"end":{"line":51,"column":5}},"locations":[{"start":{"line":49,"column":12},"end":{"line":51,"column":5}}]},"8":{"type":"branch","line":55,"loc":{"start":{"line":55,"column":12},"end":{"line":58,"column":5}},"locations":[{"start":{"line":55,"column":12},"end":{"line":58,"column":5}}]},"9":{"type":"branch","line":57,"loc":{"start":{"line":57,"column":23},"end":{"line":57,"column":71}},"locations":[{"start":{"line":57,"column":23},"end":{"line":57,"column":71}}]},"10":{"type":"branch","line":62,"loc":{"start":{"line":62,"column":11},"end":{"line":76,"column":5}},"locations":[{"start":{"line":62,"column":11},"end":{"line":76,"column":5}}]},"11":{"type":"branch","line":80,"loc":{"start":{"line":80,"column":11},"end":{"line":88,"column":5}},"locations":[{"start":{"line":80,"column":11},"end":{"line":88,"column":5}}]},"12":{"type":"branch","line":96,"loc":{"start":{"line":96,"column":12},"end":{"line":106,"column":5}},"locations":[{"start":{"line":96,"column":12},"end":{"line":106,"column":5}}]},"13":{"type":"branch","line":99,"loc":{"start":{"line":99,"column":22},"end":{"line":99,"column":80}},"locations":[{"start":{"line":99,"column":22},"end":{"line":99,"column":80}}]},"14":{"type":"branch","line":99,"loc":{"start":{"line":99,"column":61},"end":{"line":99,"column":79}},"locations":[{"start":{"line":99,"column":61},"end":{"line":99,"column":79}}]},"15":{"type":"branch","line":102,"loc":{"start":{"line":102,"column":25},"end":{"line":102,"column":73}},"locations":[{"start":{"line":102,"column":25},"end":{"line":102,"column":73}}]},"16":{"type":"branch","line":103,"loc":{"start":{"line":103,"column":25},"end":{"line":103,"column":68}},"locations":[{"start":{"line":103,"column":25},"end":{"line":103,"column":68}}]},"17":{"type":"branch","line":109,"loc":{"start":{"line":109,"column":11},"end":{"line":115,"column":5}},"locations":[{"start":{"line":109,"column":11},"end":{"line":115,"column":5}}]},"18":{"type":"branch","line":111,"loc":{"start":{"line":111,"column":58},"end":{"line":113,"column":9}},"locations":[{"start":{"line":111,"column":58},"end":{"line":113,"column":9}}]},"19":{"type":"branch","line":112,"loc":{"start":{"line":112,"column":63},"end":{"line":112,"column":75}},"locations":[{"start":{"line":112,"column":63},"end":{"line":112,"column":75}}]},"20":{"type":"branch","line":113,"loc":{"start":{"line":113,"column":8},"end":{"line":114,"column":21}},"locations":[{"start":{"line":113,"column":8},"end":{"line":114,"column":21}}]},"21":{"type":"branch","line":118,"loc":{"start":{"line":118,"column":11},"end":{"line":124,"column":5}},"locations":[{"start":{"line":118,"column":11},"end":{"line":124,"column":5}}]},"22":{"type":"branch","line":120,"loc":{"start":{"line":120,"column":61},"end":{"line":122,"column":9}},"locations":[{"start":{"line":120,"column":61},"end":{"line":122,"column":9}}]},"23":{"type":"branch","line":121,"loc":{"start":{"line":121,"column":75},"end":{"line":121,"column":87}},"locations":[{"start":{"line":121,"column":75},"end":{"line":121,"column":87}}]},"24":{"type":"branch","line":122,"loc":{"start":{"line":122,"column":8},"end":{"line":123,"column":21}},"locations":[{"start":{"line":122,"column":8},"end":{"line":123,"column":21}}]},"25":{"type":"branch","line":127,"loc":{"start":{"line":127,"column":4},"end":{"line":129,"column":5}},"locations":[{"start":{"line":127,"column":4},"end":{"line":129,"column":5}}]},"26":{"type":"branch","line":131,"loc":{"start":{"line":131,"column":4},"end":{"line":133,"column":5}},"locations":[{"start":{"line":131,"column":4},"end":{"line":133,"column":5}}]},"27":{"type":"branch","line":135,"loc":{"start":{"line":135,"column":4},"end":{"line":137,"column":5}},"locations":[{"start":{"line":135,"column":4},"end":{"line":137,"column":5}}]},"28":{"type":"branch","line":139,"loc":{"start":{"line":139,"column":4},"end":{"line":141,"column":5}},"locations":[{"start":{"line":139,"column":4},"end":{"line":141,"column":5}}]},"29":{"type":"branch","line":143,"loc":{"start":{"line":143,"column":4},"end":{"line":145,"column":5}},"locations":[{"start":{"line":143,"column":4},"end":{"line":145,"column":5}}]}},"b":{"0":[17],"1":[85],"2":[66],"3":[19],"4":[11],"5":[8],"6":[8],"7":[76],"8":[46],"9":[6],"10":[9],"11":[10],"12":[19],"13":[65],"14":[50],"15":[46],"16":[46],"17":[148],"18":[227],"19":[72],"20":[76],"21":[172],"22":[551],"23":[106],"24":[66],"25":[47],"26":[13],"27":[1184],"28":[10],"29":[10]},"fnMap":{"0":{"name":"Graph","decl":{"start":{"line":17,"column":4},"end":{"line":21,"column":5}},"loc":{"start":{"line":17,"column":4},"end":{"line":21,"column":5}},"line":17},"1":{"name":"addNode","decl":{"start":{"line":25,"column":12},"end":{"line":35,"column":5}},"loc":{"start":{"line":25,"column":12},"end":{"line":35,"column":5}},"line":25},"2":{"name":"addPrequisite","decl":{"start":{"line":38,"column":11},"end":{"line":46,"column":6}},"loc":{"start":{"line":38,"column":11},"end":{"line":46,"column":6}},"line":38},"3":{"name":"addEdgeToAdjList","decl":{"start":{"line":49,"column":12},"end":{"line":51,"column":5}},"loc":{"start":{"line":49,"column":12},"end":{"line":51,"column":5}},"line":49},"4":{"name":"removeEdgeFromAdjList","decl":{"start":{"line":55,"column":12},"end":{"line":58,"column":5}},"loc":{"start":{"line":55,"column":12},"end":{"line":58,"column":5}},"line":55},"5":{"name":"addUnionOfPrequisites","decl":{"start":{"line":62,"column":11},"end":{"line":76,"column":5}},"loc":{"start":{"line":62,"column":11},"end":{"line":76,"column":5}},"line":62},"6":{"name":"addIntersectionOfPrequisites","decl":{"start":{"line":80,"column":11},"end":{"line":88,"column":5}},"loc":{"start":{"line":80,"column":11},"end":{"line":88,"column":5}},"line":80},"7":{"name":"addClauseNodeHelper","decl":{"start":{"line":96,"column":12},"end":{"line":106,"column":5}},"loc":{"start":{"line":96,"column":12},"end":{"line":106,"column":5}},"line":96},"8":{"name":"doesEdgeExist","decl":{"start":{"line":109,"column":11},"end":{"line":115,"column":5}},"loc":{"start":{"line":109,"column":11},"end":{"line":115,"column":5}},"line":109},"9":{"name":"doesNodeExist","decl":{"start":{"line":118,"column":11},"end":{"line":124,"column":5}},"loc":{"start":{"line":118,"column":11},"end":{"line":124,"column":5}},"line":118},"10":{"name":"get courseList","decl":{"start":{"line":127,"column":4},"end":{"line":129,"column":5}},"loc":{"start":{"line":127,"column":4},"end":{"line":129,"column":5}},"line":127},"11":{"name":"get clauseList","decl":{"start":{"line":131,"column":4},"end":{"line":133,"column":5}},"loc":{"start":{"line":131,"column":4},"end":{"line":133,"column":5}},"line":131},"12":{"name":"get adjList","decl":{"start":{"line":135,"column":4},"end":{"line":137,"column":5}},"loc":{"start":{"line":135,"column":4},"end":{"line":137,"column":5}},"line":135},"13":{"name":"get andCount","decl":{"start":{"line":139,"column":4},"end":{"line":141,"column":5}},"loc":{"start":{"line":139,"column":4},"end":{"line":141,"column":5}},"line":139},"14":{"name":"get orCount","decl":{"start":{"line":143,"column":4},"end":{"line":145,"column":5}},"loc":{"start":{"line":143,"column":4},"end":{"line":145,"column":5}},"line":143}},"f":{"0":17,"1":85,"2":11,"3":76,"4":46,"5":9,"6":10,"7":19,"8":148,"9":172,"10":47,"11":13,"12":1184,"13":10,"14":10}}
,"/Users/janetsong/projects/course_graph/course-graph-main/course_graph/scripts/ts-in/i_graph.ts": {"path":"/Users/janetsong/projects/course_graph/course-graph-main/course_graph/scripts/ts-in/i_graph.ts","all":true,"statementMap":{},"s":{},"branchMap":{"0":{"type":"branch","line":1,"loc":{"start":{"line":1,"column":921},"end":{"line":22,"column":1}},"locations":[{"start":{"line":1,"column":921},"end":{"line":22,"column":1}}]}},"b":{"0":[1]},"fnMap":{"0":{"name":"(empty-report)","decl":{"start":{"line":1,"column":921},"end":{"line":22,"column":1}},"loc":{"start":{"line":1,"column":921},"end":{"line":22,"column":1}},"line":1}},"f":{"0":1}}
,"/Users/janetsong/projects/course_graph/course-graph-main/course_graph/scripts/ts-in/node.ts": {"path":"/Users/janetsong/projects/course_graph/course-graph-main/course_graph/scripts/ts-in/node.ts","all":false,"statementMap":{"1":{"start":{"line":2,"column":0},"end":{"line":2,"column":19}},"6":{"start":{"line":7,"column":0},"end":{"line":7,"column":29}},"7":{"start":{"line":8,"column":0},"end":{"line":8,"column":27}},"8":{"start":{"line":9,"column":0},"end":{"line":9,"column":22}},"9":{"start":{"line":10,"column":0},"end":{"line":10,"column":5}},"12":{"start":{"line":13,"column":0},"end":{"line":13,"column":27}},"13":{"start":{"line":14,"column":0},"end":{"line":14,"column":24}},"14":{"start":{"line":15,"column":0},"end":{"line":15,"column":6}},"16":{"start":{"line":17,"column":0},"end":{"line":17,"column":28}},"17":{"start":{"line":18,"column":0},"end":{"line":18,"column":24}},"18":{"start":{"line":19,"column":0},"end":{"line":19,"column":5}},"20":{"start":{"line":21,"column":0},"end":{"line":21,"column":37}},"21":{"start":{"line":22,"column":0},"end":{"line":22,"column":23}},"22":{"start":{"line":23,"column":0},"end":{"line":23,"column":5}},"23":{"start":{"line":24,"column":0},"end":{"line":24,"column":1}}},"s":{"1":1,"6":1,"7":231,"8":231,"9":231,"12":1,"13":6,"14":6,"16":1,"17":367,"18":367,"20":1,"21":104,"22":104,"23":1},"branchMap":{"0":{"type":"branch","line":7,"loc":{"start":{"line":7,"column":4},"end":{"line":10,"column":5}},"locations":[{"start":{"line":7,"column":4},"end":{"line":10,"column":5}}]},"1":{"type":"branch","line":13,"loc":{"start":{"line":13,"column":4},"end":{"line":15,"column":6}},"locations":[{"start":{"line":13,"column":4},"end":{"line":15,"column":6}}]},"2":{"type":"branch","line":17,"loc":{"start":{"line":17,"column":4},"end":{"line":19,"column":5}},"locations":[{"start":{"line":17,"column":4},"end":{"line":19,"column":5}}]},"3":{"type":"branch","line":21,"loc":{"start":{"line":21,"column":4},"end":{"line":23,"column":5}},"locations":[{"start":{"line":21,"column":4},"end":{"line":23,"column":5}}]}},"b":{"0":[231],"1":[6],"2":[367],"3":[104]},"fnMap":{"0":{"name":"Node","decl":{"start":{"line":7,"column":4},"end":{"line":10,"column":5}},"loc":{"start":{"line":7,"column":4},"end":{"line":10,"column":5}},"line":7},"1":{"name":"get nodeKey","decl":{"start":{"line":13,"column":4},"end":{"line":15,"column":6}},"loc":{"start":{"line":13,"column":4},"end":{"line":15,"column":6}},"line":13},"2":{"name":"get position","decl":{"start":{"line":17,"column":4},"end":{"line":19,"column":5}},"loc":{"start":{"line":17,"column":4},"end":{"line":19,"column":5}},"line":17},"3":{"name":"setPosition","decl":{"start":{"line":21,"column":4},"end":{"line":23,"column":5}},"loc":{"start":{"line":21,"column":4},"end":{"line":23,"column":5}},"line":21}},"f":{"0":231,"1":6,"2":367,"3":104}}
,"/Users/janetsong/projects/course_graph/course-graph-main/course_graph/scripts/ts-in/script.ts": {"path":"/Users/janetsong/projects/course_graph/course-graph-main/course_graph/scripts/ts-in/script.ts","all":true,"statementMap":{},"s":{},"branchMap":{"0":{"type":"branch","line":1,"loc":{"start":{"line":1,"column":1038},"end":{"line":44,"column":20}},"locations":[{"start":{"line":1,"column":1038},"end":{"line":44,"column":20}}]}},"b":{"0":[1]},"fnMap":{"0":{"name":"(empty-report)","decl":{"start":{"line":1,"column":1038},"end":{"line":44,"column":20}},"loc":{"start":{"line":1,"column":1038},"end":{"line":44,"column":20}},"line":1}},"f":{"0":1}}
,"/Users/janetsong/projects/course_graph/course-graph-main/course_graph/scripts/ts-out/clause.js": {"path":"/Users/janetsong/projects/course_graph/course-graph-main/course_graph/scripts/ts-out/clause.js","all":true,"statementMap":{"0":{"start":{"line":1,"column":0},"end":{"line":1,"column":81}},"1":{"start":{"line":2,"column":0},"end":{"line":2,"column":33}},"2":{"start":{"line":3,"column":0},"end":{"line":3,"column":19}},"3":{"start":{"line":4,"column":0},"end":{"line":4,"column":21}},"4":{"start":{"line":5,"column":0},"end":{"line":5,"column":27}},"5":{"start":{"line":6,"column":0},"end":{"line":6,"column":25}},"6":{"start":{"line":7,"column":0},"end":{"line":7,"column":30}},"7":{"start":{"line":8,"column":0},"end":{"line":8,"column":34}},"8":{"start":{"line":9,"column":0},"end":{"line":9,"column":25}},"9":{"start":{"line":10,"column":0},"end":{"line":10,"column":35}},"10":{"start":{"line":11,"column":0},"end":{"line":11,"column":18}},"11":{"start":{"line":12,"column":0},"end":{"line":12,"column":21}},"12":{"start":{"line":13,"column":0},"end":{"line":13,"column":21}},"13":{"start":{"line":14,"column":0},"end":{"line":14,"column":5}},"14":{"start":{"line":15,"column":0},"end":{"line":15,"column":20}},"15":{"start":{"line":16,"column":0},"end":{"line":16,"column":23}},"16":{"start":{"line":17,"column":0},"end":{"line":17,"column":5}},"17":{"start":{"line":18,"column":0},"end":{"line":18,"column":1}}},"s":{"0":0,"1":0,"2":0,"3":0,"4":0,"5":0,"6":0,"7":0,"8":0,"9":0,"10":0,"11":0,"12":0,"13":0,"14":0,"15":0,"16":0,"17":0},"branchMap":{"0":{"type":"branch","line":1,"loc":{"start":{"line":1,"column":461},"end":{"line":18,"column":1}},"locations":[{"start":{"line":1,"column":461},"end":{"line":18,"column":1}}]}},"b":{"0":[0]},"fnMap":{"0":{"name":"(empty-report)","decl":{"start":{"line":1,"column":461},"end":{"line":18,"column":1}},"loc":{"start":{"line":1,"column":461},"end":{"line":18,"column":1}},"line":1}},"f":{"0":0}}
,"/Users/janetsong/projects/course_graph/course-graph-main/course_graph/scripts/ts-out/course.js": {"path":"/Users/janetsong/projects/course_graph/course-graph-main/course_graph/scripts/ts-out/course.js","all":true,"statementMap":{"0":{"start":{"line":1,"column":0},"end":{"line":1,"column":2}},"1":{"start":{"line":2,"column":0},"end":{"line":2,"column":111}},"2":{"start":{"line":3,"column":0},"end":{"line":3,"column":3}},"3":{"start":{"line":4,"column":0},"end":{"line":4,"column":33}},"4":{"start":{"line":5,"column":0},"end":{"line":5,"column":34}},"5":{"start":{"line":6,"column":0},"end":{"line":6,"column":37}},"6":{"start":{"line":7,"column":0},"end":{"line":7,"column":25}},"7":{"start":{"line":8,"column":0},"end":{"line":8,"column":35}},"8":{"start":{"line":9,"column":0},"end":{"line":9,"column":23}},"9":{"start":{"line":10,"column":0},"end":{"line":10,"column":31}},"10":{"start":{"line":11,"column":0},"end":{"line":11,"column":5}},"11":{"start":{"line":12,"column":0},"end":{"line":12,"column":14}},"12":{"start":{"line":13,"column":0},"end":{"line":13,"column":26}},"13":{"start":{"line":14,"column":0},"end":{"line":14,"column":25}},"14":{"start":{"line":15,"column":0},"end":{"line":15,"column":5}},"15":{"start":{"line":16,"column":0},"end":{"line":16,"column":15}},"16":{"start":{"line":17,"column":0},"end":{"line":17,"column":20}},"17":{"start":{"line":18,"column":0},"end":{"line":18,"column":30}},"18":{"start":{"line":19,"column":0},"end":{"line":19,"column":5}},"19":{"start":{"line":20,"column":0},"end":{"line":20,"column":25}},"20":{"start":{"line":21,"column":0},"end":{"line":21,"column":28}},"21":{"start":{"line":22,"column":0},"end":{"line":22,"column":5}},"22":{"start":{"line":23,"column":0},"end":{"line":23,"column":22}},"23":{"start":{"line":24,"column":0},"end":{"line":24,"column":31}},"24":{"start":{"line":25,"column":0},"end":{"line":25,"column":5}},"25":{"start":{"line":26,"column":0},"end":{"line":26,"column":1}}},"s":{"0":0,"1":0,"2":0,"3":0,"4":0,"5":0,"6":0,"7":0,"8":0,"9":0,"10":0,"11":0,"12":0,"13":0,"14":0,"15":0,"16":0,"17":0,"18":0,"19":0,"20":0,"21":0,"22":0,"23":0,"24":0,"25":0},"branchMap":{"0":{"type":"branch","line":1,"loc":{"start":{"line":1,"column":621},"end":{"line":26,"column":1}},"locations":[{"start":{"line":1,"column":621},"end":{"line":26,"column":1}}]}},"b":{"0":[0]},"fnMap":{"0":{"name":"(empty-report)","decl":{"start":{"line":1,"column":621},"end":{"line":26,"column":1}},"loc":{"start":{"line":1,"column":621},"end":{"line":26,"column":1}},"line":1}},"f":{"0":0}}
,"/Users/janetsong/projects/course_graph/course-graph-main/course_graph/scripts/ts-out/graph.js": {"path":"/Users/janetsong/projects/course_graph/course-graph-main/course_graph/scripts/ts-out/graph.js","all":true,"statementMap":{"0":{"start":{"line":1,"column":0},"end":{"line":1,"column":37}},"1":{"start":{"line":2,"column":0},"end":{"line":2,"column":38}},"2":{"start":{"line":3,"column":0},"end":{"line":3,"column":20}},"3":{"start":{"line":4,"column":0},"end":{"line":4,"column":19}},"4":{"start":{"line":5,"column":0},"end":{"line":5,"column":27}},"5":{"start":{"line":6,"column":0},"end":{"line":6,"column":26}},"6":{"start":{"line":7,"column":0},"end":{"line":7,"column":26}},"7":{"start":{"line":8,"column":0},"end":{"line":8,"column":5}},"8":{"start":{"line":9,"column":0},"end":{"line":9,"column":32}},"9":{"start":{"line":10,"column":0},"end":{"line":10,"column":65}},"10":{"start":{"line":11,"column":0},"end":{"line":11,"column":19}},"11":{"start":{"line":12,"column":0},"end":{"line":12,"column":15}},"12":{"start":{"line":13,"column":0},"end":{"line":13,"column":35}},"13":{"start":{"line":14,"column":0},"end":{"line":14,"column":85}},"14":{"start":{"line":15,"column":0},"end":{"line":15,"column":32}},"15":{"start":{"line":16,"column":0},"end":{"line":16,"column":5}},"16":{"start":{"line":17,"column":0},"end":{"line":17,"column":40}},"17":{"start":{"line":18,"column":0},"end":{"line":18,"column":36}},"18":{"start":{"line":19,"column":0},"end":{"line":19,"column":15}},"19":{"start":{"line":20,"column":0},"end":{"line":20,"column":80}},"20":{"start":{"line":21,"column":0},"end":{"line":21,"column":30}},"21":{"start":{"line":22,"column":0},"end":{"line":22,"column":42}},"22":{"start":{"line":23,"column":0},"end":{"line":23,"column":33}},"23":{"start":{"line":24,"column":0},"end":{"line":24,"column":9}},"24":{"start":{"line":25,"column":0},"end":{"line":25,"column":43}},"25":{"start":{"line":26,"column":0},"end":{"line":26,"column":34}},"26":{"start":{"line":27,"column":0},"end":{"line":27,"column":9}},"27":{"start":{"line":28,"column":0},"end":{"line":28,"column":44}},"28":{"start":{"line":29,"column":0},"end":{"line":29,"column":5}},"29":{"start":{"line":30,"column":0},"end":{"line":30,"column":32}},"30":{"start":{"line":31,"column":0},"end":{"line":31,"column":70}},"31":{"start":{"line":32,"column":0},"end":{"line":32,"column":31}},"32":{"start":{"line":33,"column":0},"end":{"line":33,"column":16}},"33":{"start":{"line":34,"column":0},"end":{"line":34,"column":39}},"34":{"start":{"line":35,"column":0},"end":{"line":35,"column":29}},"35":{"start":{"line":36,"column":0},"end":{"line":36,"column":46}},"36":{"start":{"line":37,"column":0},"end":{"line":37,"column":52}},"37":{"start":{"line":38,"column":0},"end":{"line":38,"column":9}},"38":{"start":{"line":39,"column":0},"end":{"line":39,"column":5}},"39":{"start":{"line":40,"column":0},"end":{"line":40,"column":59}},"40":{"start":{"line":41,"column":0},"end":{"line":41,"column":114}},"41":{"start":{"line":42,"column":0},"end":{"line":42,"column":45}},"42":{"start":{"line":43,"column":0},"end":{"line":43,"column":15}},"43":{"start":{"line":44,"column":0},"end":{"line":44,"column":42}},"44":{"start":{"line":45,"column":0},"end":{"line":45,"column":5}},"45":{"start":{"line":46,"column":0},"end":{"line":46,"column":66}},"46":{"start":{"line":47,"column":0},"end":{"line":47,"column":102}},"47":{"start":{"line":48,"column":0},"end":{"line":48,"column":52}},"48":{"start":{"line":49,"column":0},"end":{"line":49,"column":15}},"49":{"start":{"line":50,"column":0},"end":{"line":50,"column":43}},"50":{"start":{"line":51,"column":0},"end":{"line":51,"column":5}},"51":{"start":{"line":52,"column":0},"end":{"line":52,"column":42}},"52":{"start":{"line":53,"column":0},"end":{"line":53,"column":31}},"53":{"start":{"line":54,"column":0},"end":{"line":54,"column":15}},"54":{"start":{"line":55,"column":0},"end":{"line":55,"column":57}},"55":{"start":{"line":56,"column":0},"end":{"line":56,"column":30}},"56":{"start":{"line":57,"column":0},"end":{"line":57,"column":28}},"57":{"start":{"line":58,"column":0},"end":{"line":58,"column":11}},"58":{"start":{"line":59,"column":0},"end":{"line":59,"column":21}},"59":{"start":{"line":60,"column":0},"end":{"line":60,"column":5}},"60":{"start":{"line":61,"column":0},"end":{"line":61,"column":46}},"61":{"start":{"line":62,"column":0},"end":{"line":62,"column":25}},"62":{"start":{"line":63,"column":0},"end":{"line":63,"column":15}},"63":{"start":{"line":64,"column":0},"end":{"line":64,"column":43}},"64":{"start":{"line":65,"column":0},"end":{"line":65,"column":5}},"65":{"start":{"line":66,"column":0},"end":{"line":66,"column":14}},"66":{"start":{"line":67,"column":0},"end":{"line":67,"column":22}},"67":{"start":{"line":68,"column":0},"end":{"line":68,"column":28}},"68":{"start":{"line":69,"column":0},"end":{"line":69,"column":5}},"69":{"start":{"line":70,"column":0},"end":{"line":70,"column":22}},"70":{"start":{"line":71,"column":0},"end":{"line":71,"column":28}},"71":{"start":{"line":72,"column":0},"end":{"line":72,"column":5}},"72":{"start":{"line":73,"column":0},"end":{"line":73,"column":19}},"73":{"start":{"line":74,"column":0},"end":{"line":74,"column":29}},"74":{"start":{"line":75,"column":0},"end":{"line":75,"column":5}},"75":{"start":{"line":76,"column":0},"end":{"line":76,"column":1}}},"s":{"0":0,"1":0,"2":0,"3":0,"4":0,"5":0,"6":0,"7":0,"8":0,"9":0,"10":0,"11":0,"12":0,"13":0,"14":0,"15":0,"16":0,"17":0,"18":0,"19":0,"20":0,"21":0,"22":0,"23":0,"24":0,"25":0,"26":0,"27":0,"28":0,"29":0,"30":0,"31":0,"32":0,"33":0,"34":0,"35":0,"36":0,"37":0,"38":0,"39":0,"40":0,"41":0,"42":0,"43":0,"44":0,"45":0,"46":0,"47":0,"48":0,"49":0,"50":0,"51":0,"52":0,"53":0,"54":0,"55":0,"56":0,"57":0,"58":0,"59":0,"60":0,"61":0,"62":0,"63":0,"64":0,"65":0,"66":0,"67":0,"68":0,"69":0,"70":0,"71":0,"72":0,"73":0,"74":0,"75":0},"branchMap":{"0":{"type":"branch","line":1,"loc":{"start":{"line":1,"column":2425},"end":{"line":76,"column":1}},"locations":[{"start":{"line":1,"column":2425},"end":{"line":76,"column":1}}]}},"b":{"0":[0]},"fnMap":{"0":{"name":"(empty-report)","decl":{"start":{"line":1,"column":2425},"end":{"line":76,"column":1}},"loc":{"start":{"line":1,"column":2425},"end":{"line":76,"column":1}},"line":1}},"f":{"0":0}}
,"/Users/janetsong/projects/course_graph/course-graph-main/course_graph/scripts/ts-out/i_graph.js": {"path":"/Users/janetsong/projects/course_graph/course-graph-main/course_graph/scripts/ts-out/i_graph.js","all":true,"statementMap":{"0":{"start":{"line":1,"column":0},"end":{"line":1,"column":83}},"1":{"start":{"line":2,"column":0},"end":{"line":2,"column":50}}},"s":{"0":0,"1":0},"branchMap":{"0":{"type":"branch","line":1,"loc":{"start":{"line":1,"column":145},"end":{"line":3,"column":10}},"locations":[{"start":{"line":1,"column":145},"end":{"line":3,"column":10}}]}},"b":{"0":[0]},"fnMap":{"0":{"name":"(empty-report)","decl":{"start":{"line":1,"column":145},"end":{"line":3,"column":10}},"loc":{"start":{"line":1,"column":145},"end":{"line":3,"column":10}},"line":1}},"f":{"0":0}}
,"/Users/janetsong/projects/course_graph/course-graph-main/course_graph/scripts/ts-out/node.js": {"path":"/Users/janetsong/projects/course_graph/course-graph-main/course_graph/scripts/ts-out/node.js","all":true,"statementMap":{"0":{"start":{"line":1,"column":0},"end":{"line":1,"column":104}},"1":{"start":{"line":2,"column":0},"end":{"line":2,"column":19}},"2":{"start":{"line":3,"column":0},"end":{"line":3,"column":21}},"3":{"start":{"line":4,"column":0},"end":{"line":4,"column":27}},"4":{"start":{"line":5,"column":0},"end":{"line":5,"column":22}},"5":{"start":{"line":6,"column":0},"end":{"line":6,"column":5}},"6":{"start":{"line":7,"column":0},"end":{"line":7,"column":25}},"7":{"start":{"line":8,"column":0},"end":{"line":8,"column":19}},"8":{"start":{"line":9,"column":0},"end":{"line":9,"column":24}},"9":{"start":{"line":10,"column":0},"end":{"line":10,"column":5}},"10":{"start":{"line":11,"column":0},"end":{"line":11,"column":20}},"11":{"start":{"line":12,"column":0},"end":{"line":12,"column":24}},"12":{"start":{"line":13,"column":0},"end":{"line":13,"column":5}},"13":{"start":{"line":14,"column":0},"end":{"line":14,"column":22}},"14":{"start":{"line":15,"column":0},"end":{"line":15,"column":23}},"15":{"start":{"line":16,"column":0},"end":{"line":16,"column":5}},"16":{"start":{"line":17,"column":0},"end":{"line":17,"column":1}}},"s":{"0":0,"1":0,"2":0,"3":0,"4":0,"5":0,"6":0,"7":0,"8":0,"9":0,"10":0,"11":0,"12":0,"13":0,"14":0,"15":0,"16":0},"branchMap":{"0":{"type":"branch","line":1,"loc":{"start":{"line":1,"column":387},"end":{"line":17,"column":1}},"locations":[{"start":{"line":1,"column":387},"end":{"line":17,"column":1}}]}},"b":{"0":[0]},"fnMap":{"0":{"name":"(empty-report)","decl":{"start":{"line":1,"column":387},"end":{"line":17,"column":1}},"loc":{"start":{"line":1,"column":387},"end":{"line":17,"column":1}},"line":1}},"f":{"0":0}}
,"/Users/janetsong/projects/course_graph/course-graph-main/course_graph/scripts/ts-out/script.js": {"path":"/Users/janetsong/projects/course_graph/course-graph-main/course_graph/scripts/ts-out/script.js","all":true,"statementMap":{"0":{"start":{"line":1,"column":0},"end":{"line":1,"column":37}},"1":{"start":{"line":2,"column":0},"end":{"line":2,"column":35}},"2":{"start":{"line":3,"column":0},"end":{"line":3,"column":35}},"3":{"start":{"line":4,"column":0},"end":{"line":4,"column":25}},"4":{"start":{"line":5,"column":0},"end":{"line":5,"column":28}},"5":{"start":{"line":6,"column":0},"end":{"line":6,"column":18}},"6":{"start":{"line":7,"column":0},"end":{"line":7,"column":18}},"7":{"start":{"line":8,"column":0},"end":{"line":8,"column":36}},"8":{"start":{"line":9,"column":0},"end":{"line":9,"column":21}},"9":{"start":{"line":10,"column":0},"end":{"line":10,"column":28}},"10":{"start":{"line":11,"column":0},"end":{"line":11,"column":33}},"11":{"start":{"line":12,"column":0},"end":{"line":12,"column":21}},"12":{"start":{"line":13,"column":0},"end":{"line":13,"column":28}},"13":{"start":{"line":14,"column":0},"end":{"line":14,"column":33}},"14":{"start":{"line":15,"column":0},"end":{"line":15,"column":46}},"15":{"start":{"line":16,"column":0},"end":{"line":16,"column":21}},"16":{"start":{"line":17,"column":0},"end":{"line":17,"column":28}},"17":{"start":{"line":18,"column":0},"end":{"line":18,"column":33}},"18":{"start":{"line":19,"column":0},"end":{"line":19,"column":45}},"19":{"start":{"line":20,"column":0},"end":{"line":20,"column":22}},"20":{"start":{"line":21,"column":0},"end":{"line":21,"column":28}},"21":{"start":{"line":22,"column":0},"end":{"line":22,"column":33}},"22":{"start":{"line":23,"column":0},"end":{"line":23,"column":45}},"23":{"start":{"line":24,"column":0},"end":{"line":24,"column":22}},"24":{"start":{"line":25,"column":0},"end":{"line":25,"column":28}},"25":{"start":{"line":26,"column":0},"end":{"line":26,"column":31}},"26":{"start":{"line":27,"column":0},"end":{"line":27,"column":33}},"27":{"start":{"line":28,"column":0},"end":{"line":28,"column":35}}},"s":{"0":0,"1":0,"2":0,"3":0,"4":0,"5":0,"6":0,"7":0,"8":0,"9":0,"10":0,"11":0,"12":0,"13":0,"14":0,"15":0,"16":0,"17":0,"18":0,"19":0,"20":0,"21":0,"22":0,"23":0,"24":0,"25":0,"26":0,"27":0},"branchMap":{"0":{"type":"branch","line":1,"loc":{"start":{"line":1,"column":0},"end":{"line":28,"column":-78}},"locations":[{"start":{"line":1,"column":0},"end":{"line":28,"column":-78}}]}},"b":{"0":[0]},"fnMap":{"0":{"name":"(empty-report)","decl":{"start":{"line":1,"column":0},"end":{"line":28,"column":-78}},"loc":{"start":{"line":1,"column":0},"end":{"line":28,"column":-78}},"line":1}},"f":{"0":0}}
,"/Users/janetsong/projects/course_graph/course-graph-main/course_graph/scripts/ts-out/ts-in/clause.js": {"path":"/Users/janetsong/projects/course_graph/course-graph-main/course_graph/scripts/ts-out/ts-in/clause.js","all":true,"statementMap":{"0":{"start":{"line":1,"column":0},"end":{"line":1,"column":81}},"1":{"start":{"line":2,"column":0},"end":{"line":2,"column":33}},"2":{"start":{"line":3,"column":0},"end":{"line":3,"column":19}},"3":{"start":{"line":4,"column":0},"end":{"line":4,"column":21}},"4":{"start":{"line":5,"column":0},"end":{"line":5,"column":27}},"5":{"start":{"line":6,"column":0},"end":{"line":6,"column":25}},"6":{"start":{"line":7,"column":0},"end":{"line":7,"column":30}},"7":{"start":{"line":8,"column":0},"end":{"line":8,"column":34}},"8":{"start":{"line":9,"column":0},"end":{"line":9,"column":25}},"9":{"start":{"line":10,"column":0},"end":{"line":10,"column":35}},"10":{"start":{"line":11,"column":0},"end":{"line":11,"column":18}},"11":{"start":{"line":12,"column":0},"end":{"line":12,"column":21}},"12":{"start":{"line":13,"column":0},"end":{"line":13,"column":21}},"13":{"start":{"line":14,"column":0},"end":{"line":14,"column":5}},"14":{"start":{"line":15,"column":0},"end":{"line":15,"column":20}},"15":{"start":{"line":16,"column":0},"end":{"line":16,"column":23}},"16":{"start":{"line":17,"column":0},"end":{"line":17,"column":5}},"17":{"start":{"line":18,"column":0},"end":{"line":18,"column":1}}},"s":{"0":0,"1":0,"2":0,"3":0,"4":0,"5":0,"6":0,"7":0,"8":0,"9":0,"10":0,"11":0,"12":0,"13":0,"14":0,"15":0,"16":0,"17":0},"branchMap":{"0":{"type":"branch","line":1,"loc":{"start":{"line":1,"column":461},"end":{"line":18,"column":1}},"locations":[{"start":{"line":1,"column":461},"end":{"line":18,"column":1}}]}},"b":{"0":[0]},"fnMap":{"0":{"name":"(empty-report)","decl":{"start":{"line":1,"column":461},"end":{"line":18,"column":1}},"loc":{"start":{"line":1,"column":461},"end":{"line":18,"column":1}},"line":1}},"f":{"0":0}}
,"/Users/janetsong/projects/course_graph/course-graph-main/course_graph/scripts/ts-out/ts-in/course.js": {"path":"/Users/janetsong/projects/course_graph/course-graph-main/course_graph/scripts/ts-out/ts-in/course.js","all":true,"statementMap":{"0":{"start":{"line":1,"column":0},"end":{"line":1,"column":2}},"1":{"start":{"line":2,"column":0},"end":{"line":2,"column":111}},"2":{"start":{"line":3,"column":0},"end":{"line":3,"column":3}},"3":{"start":{"line":4,"column":0},"end":{"line":4,"column":33}},"4":{"start":{"line":5,"column":0},"end":{"line":5,"column":34}},"5":{"start":{"line":6,"column":0},"end":{"line":6,"column":37}},"6":{"start":{"line":7,"column":0},"end":{"line":7,"column":25}},"7":{"start":{"line":8,"column":0},"end":{"line":8,"column":35}},"8":{"start":{"line":9,"column":0},"end":{"line":9,"column":23}},"9":{"start":{"line":10,"column":0},"end":{"line":10,"column":31}},"10":{"start":{"line":11,"column":0},"end":{"line":11,"column":5}},"11":{"start":{"line":12,"column":0},"end":{"line":12,"column":14}},"12":{"start":{"line":13,"column":0},"end":{"line":13,"column":26}},"13":{"start":{"line":14,"column":0},"end":{"line":14,"column":25}},"14":{"start":{"line":15,"column":0},"end":{"line":15,"column":5}},"15":{"start":{"line":16,"column":0},"end":{"line":16,"column":15}},"16":{"start":{"line":17,"column":0},"end":{"line":17,"column":20}},"17":{"start":{"line":18,"column":0},"end":{"line":18,"column":30}},"18":{"start":{"line":19,"column":0},"end":{"line":19,"column":5}},"19":{"start":{"line":20,"column":0},"end":{"line":20,"column":25}},"20":{"start":{"line":21,"column":0},"end":{"line":21,"column":28}},"21":{"start":{"line":22,"column":0},"end":{"line":22,"column":5}},"22":{"start":{"line":23,"column":0},"end":{"line":23,"column":22}},"23":{"start":{"line":24,"column":0},"end":{"line":24,"column":31}},"24":{"start":{"line":25,"column":0},"end":{"line":25,"column":5}},"25":{"start":{"line":26,"column":0},"end":{"line":26,"column":1}}},"s":{"0":0,"1":0,"2":0,"3":0,"4":0,"5":0,"6":0,"7":0,"8":0,"9":0,"10":0,"11":0,"12":0,"13":0,"14":0,"15":0,"16":0,"17":0,"18":0,"19":0,"20":0,"21":0,"22":0,"23":0,"24":0,"25":0},"branchMap":{"0":{"type":"branch","line":1,"loc":{"start":{"line":1,"column":621},"end":{"line":26,"column":1}},"locations":[{"start":{"line":1,"column":621},"end":{"line":26,"column":1}}]}},"b":{"0":[0]},"fnMap":{"0":{"name":"(empty-report)","decl":{"start":{"line":1,"column":621},"end":{"line":26,"column":1}},"loc":{"start":{"line":1,"column":621},"end":{"line":26,"column":1}},"line":1}},"f":{"0":0}}
,"/Users/janetsong/projects/course_graph/course-graph-main/course_graph/scripts/ts-out/ts-in/graph.js": {"path":"/Users/janetsong/projects/course_graph/course-graph-main/course_graph/scripts/ts-out/ts-in/graph.js","all":true,"statementMap":{"0":{"start":{"line":1,"column":0},"end":{"line":1,"column":37}},"1":{"start":{"line":2,"column":0},"end":{"line":2,"column":38}},"2":{"start":{"line":3,"column":0},"end":{"line":3,"column":20}},"3":{"start":{"line":4,"column":0},"end":{"line":4,"column":19}},"4":{"start":{"line":5,"column":0},"end":{"line":5,"column":27}},"5":{"start":{"line":6,"column":0},"end":{"line":6,"column":26}},"6":{"start":{"line":7,"column":0},"end":{"line":7,"column":26}},"7":{"start":{"line":8,"column":0},"end":{"line":8,"column":5}},"8":{"start":{"line":9,"column":0},"end":{"line":9,"column":32}},"9":{"start":{"line":10,"column":0},"end":{"line":10,"column":65}},"10":{"start":{"line":11,"column":0},"end":{"line":11,"column":19}},"11":{"start":{"line":12,"column":0},"end":{"line":12,"column":15}},"12":{"start":{"line":13,"column":0},"end":{"line":13,"column":35}},"13":{"start":{"line":14,"column":0},"end":{"line":14,"column":85}},"14":{"start":{"line":15,"column":0},"end":{"line":15,"column":32}},"15":{"start":{"line":16,"column":0},"end":{"line":16,"column":5}},"16":{"start":{"line":17,"column":0},"end":{"line":17,"column":40}},"17":{"start":{"line":18,"column":0},"end":{"line":18,"column":36}},"18":{"start":{"line":19,"column":0},"end":{"line":19,"column":15}},"19":{"start":{"line":20,"column":0},"end":{"line":20,"column":80}},"20":{"start":{"line":21,"column":0},"end":{"line":21,"column":30}},"21":{"start":{"line":22,"column":0},"end":{"line":22,"column":42}},"22":{"start":{"line":23,"column":0},"end":{"line":23,"column":33}},"23":{"start":{"line":24,"column":0},"end":{"line":24,"column":9}},"24":{"start":{"line":25,"column":0},"end":{"line":25,"column":43}},"25":{"start":{"line":26,"column":0},"end":{"line":26,"column":34}},"26":{"start":{"line":27,"column":0},"end":{"line":27,"column":9}},"27":{"start":{"line":28,"column":0},"end":{"line":28,"column":44}},"28":{"start":{"line":29,"column":0},"end":{"line":29,"column":5}},"29":{"start":{"line":30,"column":0},"end":{"line":30,"column":32}},"30":{"start":{"line":31,"column":0},"end":{"line":31,"column":70}},"31":{"start":{"line":32,"column":0},"end":{"line":32,"column":31}},"32":{"start":{"line":33,"column":0},"end":{"line":33,"column":16}},"33":{"start":{"line":34,"column":0},"end":{"line":34,"column":39}},"34":{"start":{"line":35,"column":0},"end":{"line":35,"column":29}},"35":{"start":{"line":36,"column":0},"end":{"line":36,"column":46}},"36":{"start":{"line":37,"column":0},"end":{"line":37,"column":52}},"37":{"start":{"line":38,"column":0},"end":{"line":38,"column":9}},"38":{"start":{"line":39,"column":0},"end":{"line":39,"column":5}},"39":{"start":{"line":40,"column":0},"end":{"line":40,"column":59}},"40":{"start":{"line":41,"column":0},"end":{"line":41,"column":114}},"41":{"start":{"line":42,"column":0},"end":{"line":42,"column":45}},"42":{"start":{"line":43,"column":0},"end":{"line":43,"column":15}},"43":{"start":{"line":44,"column":0},"end":{"line":44,"column":42}},"44":{"start":{"line":45,"column":0},"end":{"line":45,"column":5}},"45":{"start":{"line":46,"column":0},"end":{"line":46,"column":66}},"46":{"start":{"line":47,"column":0},"end":{"line":47,"column":102}},"47":{"start":{"line":48,"column":0},"end":{"line":48,"column":52}},"48":{"start":{"line":49,"column":0},"end":{"line":49,"column":15}},"49":{"start":{"line":50,"column":0},"end":{"line":50,"column":43}},"50":{"start":{"line":51,"column":0},"end":{"line":51,"column":5}},"51":{"start":{"line":52,"column":0},"end":{"line":52,"column":42}},"52":{"start":{"line":53,"column":0},"end":{"line":53,"column":31}},"53":{"start":{"line":54,"column":0},"end":{"line":54,"column":15}},"54":{"start":{"line":55,"column":0},"end":{"line":55,"column":57}},"55":{"start":{"line":56,"column":0},"end":{"line":56,"column":30}},"56":{"start":{"line":57,"column":0},"end":{"line":57,"column":28}},"57":{"start":{"line":58,"column":0},"end":{"line":58,"column":11}},"58":{"start":{"line":59,"column":0},"end":{"line":59,"column":21}},"59":{"start":{"line":60,"column":0},"end":{"line":60,"column":5}},"60":{"start":{"line":61,"column":0},"end":{"line":61,"column":46}},"61":{"start":{"line":62,"column":0},"end":{"line":62,"column":25}},"62":{"start":{"line":63,"column":0},"end":{"line":63,"column":15}},"63":{"start":{"line":64,"column":0},"end":{"line":64,"column":43}},"64":{"start":{"line":65,"column":0},"end":{"line":65,"column":5}},"65":{"start":{"line":66,"column":0},"end":{"line":66,"column":14}},"66":{"start":{"line":67,"column":0},"end":{"line":67,"column":22}},"67":{"start":{"line":68,"column":0},"end":{"line":68,"column":28}},"68":{"start":{"line":69,"column":0},"end":{"line":69,"column":5}},"69":{"start":{"line":70,"column":0},"end":{"line":70,"column":22}},"70":{"start":{"line":71,"column":0},"end":{"line":71,"column":28}},"71":{"start":{"line":72,"column":0},"end":{"line":72,"column":5}},"72":{"start":{"line":73,"column":0},"end":{"line":73,"column":19}},"73":{"start":{"line":74,"column":0},"end":{"line":74,"column":29}},"74":{"start":{"line":75,"column":0},"end":{"line":75,"column":5}},"75":{"start":{"line":76,"column":0},"end":{"line":76,"column":1}}},"s":{"0":0,"1":0,"2":0,"3":0,"4":0,"5":0,"6":0,"7":0,"8":0,"9":0,"10":0,"11":0,"12":0,"13":0,"14":0,"15":0,"16":0,"17":0,"18":0,"19":0,"20":0,"21":0,"22":0,"23":0,"24":0,"25":0,"26":0,"27":0,"28":0,"29":0,"30":0,"31":0,"32":0,"33":0,"34":0,"35":0,"36":0,"37":0,"38":0,"39":0,"40":0,"41":0,"42":0,"43":0,"44":0,"45":0,"46":0,"47":0,"48":0,"49":0,"50":0,"51":0,"52":0,"53":0,"54":0,"55":0,"56":0,"57":0,"58":0,"59":0,"60":0,"61":0,"62":0,"63":0,"64":0,"65":0,"66":0,"67":0,"68":0,"69":0,"70":0,"71":0,"72":0,"73":0,"74":0,"75":0},"branchMap":{"0":{"type":"branch","line":1,"loc":{"start":{"line":1,"column":2425},"end":{"line":76,"column":1}},"locations":[{"start":{"line":1,"column":2425},"end":{"line":76,"column":1}}]}},"b":{"0":[0]},"fnMap":{"0":{"name":"(empty-report)","decl":{"start":{"line":1,"column":2425},"end":{"line":76,"column":1}},"loc":{"start":{"line":1,"column":2425},"end":{"line":76,"column":1}},"line":1}},"f":{"0":0}}
,"/Users/janetsong/projects/course_graph/course-graph-main/course_graph/scripts/ts-out/ts-in/i_graph.js": {"path":"/Users/janetsong/projects/course_graph/course-graph-main/course_graph/scripts/ts-out/ts-in/i_graph.js","all":true,"statementMap":{"0":{"start":{"line":1,"column":0},"end":{"line":1,"column":83}},"1":{"start":{"line":2,"column":0},"end":{"line":2,"column":50}}},"s":{"0":0,"1":0},"branchMap":{"0":{"type":"branch","line":1,"loc":{"start":{"line":1,"column":145},"end":{"line":3,"column":10}},"locations":[{"start":{"line":1,"column":145},"end":{"line":3,"column":10}}]}},"b":{"0":[0]},"fnMap":{"0":{"name":"(empty-report)","decl":{"start":{"line":1,"column":145},"end":{"line":3,"column":10}},"loc":{"start":{"line":1,"column":145},"end":{"line":3,"column":10}},"line":1}},"f":{"0":0}}
,"/Users/janetsong/projects/course_graph/course-graph-main/course_graph/scripts/ts-out/ts-in/node.js": {"path":"/Users/janetsong/projects/course_graph/course-graph-main/course_graph/scripts/ts-out/ts-in/node.js","all":true,"statementMap":{"0":{"start":{"line":1,"column":0},"end":{"line":1,"column":104}},"1":{"start":{"line":2,"column":0},"end":{"line":2,"column":19}},"2":{"start":{"line":3,"column":0},"end":{"line":3,"column":21}},"3":{"start":{"line":4,"column":0},"end":{"line":4,"column":27}},"4":{"start":{"line":5,"column":0},"end":{"line":5,"column":22}},"5":{"start":{"line":6,"column":0},"end":{"line":6,"column":5}},"6":{"start":{"line":7,"column":0},"end":{"line":7,"column":25}},"7":{"start":{"line":8,"column":0},"end":{"line":8,"column":19}},"8":{"start":{"line":9,"column":0},"end":{"line":9,"column":24}},"9":{"start":{"line":10,"column":0},"end":{"line":10,"column":5}},"10":{"start":{"line":11,"column":0},"end":{"line":11,"column":20}},"11":{"start":{"line":12,"column":0},"end":{"line":12,"column":24}},"12":{"start":{"line":13,"column":0},"end":{"line":13,"column":5}},"13":{"start":{"line":14,"column":0},"end":{"line":14,"column":22}},"14":{"start":{"line":15,"column":0},"end":{"line":15,"column":23}},"15":{"start":{"line":16,"column":0},"end":{"line":16,"column":5}},"16":{"start":{"line":17,"column":0},"end":{"line":17,"column":1}}},"s":{"0":0,"1":0,"2":0,"3":0,"4":0,"5":0,"6":0,"7":0,"8":0,"9":0,"10":0,"11":0,"12":0,"13":0,"14":0,"15":0,"16":0},"branchMap":{"0":{"type":"branch","line":1,"loc":{"start":{"line":1,"column":387},"end":{"line":17,"column":1}},"locations":[{"start":{"line":1,"column":387},"end":{"line":17,"column":1}}]}},"b":{"0":[0]},"fnMap":{"0":{"name":"(empty-report)","decl":{"start":{"line":1,"column":387},"end":{"line":17,"column":1}},"loc":{"start":{"line":1,"column":387},"end":{"line":17,"column":1}},"line":1}},"f":{"0":0}}
,"/Users/janetsong/projects/course_graph/course-graph-main/course_graph/scripts/ts-out/ts-in/script.js": {"path":"/Users/janetsong/projects/course_graph/course-graph-main/course_graph/scripts/ts-out/ts-in/script.js","all":true,"statementMap":{"0":{"start":{"line":1,"column":0},"end":{"line":1,"column":37}},"1":{"start":{"line":2,"column":0},"end":{"line":2,"column":35}},"2":{"start":{"line":3,"column":0},"end":{"line":3,"column":35}},"3":{"start":{"line":4,"column":0},"end":{"line":4,"column":25}},"4":{"start":{"line":5,"column":0},"end":{"line":5,"column":28}},"5":{"start":{"line":6,"column":0},"end":{"line":6,"column":18}},"6":{"start":{"line":7,"column":0},"end":{"line":7,"column":18}},"7":{"start":{"line":8,"column":0},"end":{"line":8,"column":36}},"8":{"start":{"line":9,"column":0},"end":{"line":9,"column":21}},"9":{"start":{"line":10,"column":0},"end":{"line":10,"column":28}},"10":{"start":{"line":11,"column":0},"end":{"line":11,"column":33}},"11":{"start":{"line":12,"column":0},"end":{"line":12,"column":21}},"12":{"start":{"line":13,"column":0},"end":{"line":13,"column":28}},"13":{"start":{"line":14,"column":0},"end":{"line":14,"column":33}},"14":{"start":{"line":15,"column":0},"end":{"line":15,"column":46}},"15":{"start":{"line":16,"column":0},"end":{"line":16,"column":21}},"16":{"start":{"line":17,"column":0},"end":{"line":17,"column":28}},"17":{"start":{"line":18,"column":0},"end":{"line":18,"column":33}},"18":{"start":{"line":19,"column":0},"end":{"line":19,"column":45}},"19":{"start":{"line":20,"column":0},"end":{"line":20,"column":22}},"20":{"start":{"line":21,"column":0},"end":{"line":21,"column":28}},"21":{"start":{"line":22,"column":0},"end":{"line":22,"column":33}},"22":{"start":{"line":23,"column":0},"end":{"line":23,"column":45}},"23":{"start":{"line":24,"column":0},"end":{"line":24,"column":22}},"24":{"start":{"line":25,"column":0},"end":{"line":25,"column":28}},"25":{"start":{"line":26,"column":0},"end":{"line":26,"column":31}},"26":{"start":{"line":27,"column":0},"end":{"line":27,"column":33}},"27":{"start":{"line":28,"column":0},"end":{"line":28,"column":35}}},"s":{"0":0,"1":0,"2":0,"3":0,"4":0,"5":0,"6":0,"7":0,"8":0,"9":0,"10":0,"11":0,"12":0,"13":0,"14":0,"15":0,"16":0,"17":0,"18":0,"19":0,"20":0,"21":0,"22":0,"23":0,"24":0,"25":0,"26":0,"27":0},"branchMap":{"0":{"type":"branch","line":1,"loc":{"start":{"line":1,"column":0},"end":{"line":28,"column":-84}},"locations":[{"start":{"line":1,"column":0},"end":{"line":28,"column":-84}}]}},"b":{"0":[0]},"fnMap":{"0":{"name":"(empty-report)","decl":{"start":{"line":1,"column":0},"end":{"line":28,"column":-84}},"loc":{"start":{"line":1,"column":0},"end":{"line":28,"column":-84}},"line":1}},"f":{"0":0}}
}
